2026-02-28 20:18:11 [main] INFO  Log - Starting WebDriver...
2026-02-28 20:18:13 [main] INFO  Log - Navigating to URL...
2026-02-28 20:18:16 [main] INFO  Log - Closing Browser...
2026-02-28 20:32:09 [main] INFO  Log - Starting WebDriver...
2026-02-28 20:32:12 [main] INFO  Log - Navigating to URL...
2026-02-28 20:32:14 [main] INFO  Log - Starting login test...
2026-02-28 20:32:14 [main] INFO  Log - Adding credentials...
2026-02-28 20:32:14 [main] INFO  Log - Clicking login button...
2026-02-28 20:32:15 [main] INFO  Log - Verifying page title
2026-02-28 20:32:15 [main] INFO  Log - Closing Browser...
2026-02-28 22:06:24 [main] INFO  Log - Starting WebDriver...
2026-02-28 22:06:29 [main] INFO  Log - Navigating to URL...
2026-02-28 22:06:31 [main] INFO  Log - Starting login test...
2026-02-28 22:06:31 [main] INFO  Log - Adding credentials...
2026-02-28 22:06:31 [main] INFO  Log - Clicking login button...
2026-02-28 22:06:32 [main] INFO  Log - Verifying page title
2026-02-28 22:06:32 [main] INFO  Log - Closing Browser...
2026-02-28 23:31:06 [main] INFO  Log - Starting WebDriver...
2026-02-28 23:31:10 [main] INFO  Log - Navigating to URL...
2026-02-28 23:31:13 [main] INFO  Log - Starting login test...
2026-02-28 23:31:13 [main] INFO  Log - Adding credentials...
2026-02-28 23:31:13 [main] INFO  Log - Clicking login button...
2026-02-28 23:31:14 [main] INFO  Log - Verifying page title
2026-02-28 23:31:14 [main] INFO  Log - Closing Browser...
2026-02-28 23:31:34 [main] INFO  Log - Starting WebDriver...
2026-02-28 23:31:36 [main] INFO  Log - Navigating to URL...
2026-02-28 23:31:37 [main] INFO  Log - Starting login test...
2026-02-28 23:31:37 [main] INFO  Log - Adding credentials...
2026-02-28 23:31:38 [main] INFO  Log - Clicking login button...
2026-02-28 23:31:39 [main] INFO  Log - Verifying page title
2026-02-28 23:31:39 [main] INFO  Log - Closing Browser...
2026-02-28 23:33:58 [main] INFO  Log - Starting WebDriver...
2026-02-28 23:34:00 [main] INFO  Log - Navigating to URL...
2026-02-28 23:34:03 [main] INFO  Log - Starting login test...
2026-02-28 23:34:03 [main] INFO  Log - Adding credentials...
2026-02-28 23:34:03 [main] INFO  Log - Clicking login button...
2026-02-28 23:34:05 [main] INFO  Log - Verifying page title
2026-02-28 23:34:05 [main] INFO  Log - Closing Browser...
2026-02-28 23:36:49 [main] INFO  Log - Starting WebDriver...
2026-02-28 23:36:52 [main] INFO  Log - Navigating to URL...
2026-02-28 23:36:54 [main] INFO  Log - Starting login test...
2026-02-28 23:36:54 [main] INFO  Log - Adding credentials...
2026-02-28 23:36:54 [main] INFO  Log - Clicking login button...
2026-02-28 23:37:13 [main] INFO  Log - Starting WebDriver...
2026-02-28 23:37:15 [main] INFO  Log - Navigating to URL...
2026-02-28 23:37:17 [main] INFO  Log - Starting login test...
2026-02-28 23:37:17 [main] INFO  Log - Adding credentials...
2026-02-28 23:37:18 [main] INFO  Log - Clicking login button...
2026-02-28 23:37:19 [main] INFO  Log - Verifying page title
2026-02-28 23:37:19 [main] INFO  Log - Closing Browser...
2026-02-28 23:37:19 [main] INFO  Log - Starting WebDriver...
2026-02-28 23:37:21 [main] INFO  Log - Navigating to URL...
2026-02-28 23:37:23 [main] INFO  Log - Starting login test...
2026-02-28 23:37:23 [main] INFO  Log - Adding credentials...
2026-02-28 23:37:23 [main] INFO  Log - Clicking login button...
2026-02-28 23:37:24 [main] INFO  Log - Verifying page title
2026-02-28 23:37:24 [main] INFO  Log - Closing Browser...
2026-02-28 23:38:22 [main] INFO  Log - Starting WebDriver...
2026-02-28 23:38:24 [main] INFO  Log - Navigating to URL...
2026-02-28 23:38:27 [main] INFO  Log - Starting login test...
2026-02-28 23:38:27 [main] INFO  Log - Adding credentials...
2026-02-28 23:38:28 [main] INFO  Log - Clicking login button...
2026-02-28 23:38:29 [main] INFO  Log - Verifying page title
2026-02-28 23:38:29 [main] INFO  Log - Closing Browser...
2026-02-28 23:38:29 [main] INFO  Log - Starting WebDriver...
2026-02-28 23:38:31 [main] INFO  Log - Navigating to URL...
2026-02-28 23:38:32 [main] INFO  Log - Starting login test...
2026-02-28 23:38:32 [main] INFO  Log - Adding credentials...
2026-02-28 23:38:33 [main] INFO  Log - Clicking login button...
2026-02-28 23:38:34 [main] INFO  Log - Verifying page title
2026-02-28 23:38:34 [main] INFO  Log - Closing Browser...
2026-02-28 23:39:33 [main] INFO  Log - Starting WebDriver...
2026-02-28 23:39:35 [main] INFO  Log - Navigating to URL...
2026-02-28 23:39:37 [main] INFO  Log - Starting login test...
2026-02-28 23:39:37 [main] INFO  Log - Adding credentials...
2026-02-28 23:39:38 [main] INFO  Log - Clicking login button...
2026-02-28 23:39:39 [main] INFO  Log - Verifying page title
2026-02-28 23:39:39 [main] INFO  Log - Closing Browser...
2026-02-28 23:41:16 [main] INFO  Log - Starting WebDriver...
2026-02-28 23:41:18 [main] INFO  Log - Navigating to URL...
2026-02-28 23:41:20 [main] INFO  Log - Starting login test...
2026-02-28 23:41:20 [main] INFO  Log - Adding credentials...
2026-02-28 23:41:21 [main] INFO  Log - Clicking login button...
2026-02-28 23:41:21 [main] INFO  Log - Verifying page title
2026-02-28 23:41:21 [main] INFO  Log - Closing Browser...
2026-02-28 23:41:22 [main] INFO  Log - Starting WebDriver...
2026-02-28 23:41:23 [main] INFO  Log - Navigating to URL...
2026-02-28 23:41:25 [main] INFO  Log - Starting login test...
2026-02-28 23:41:25 [main] INFO  Log - Adding credentials...
2026-02-28 23:41:26 [main] INFO  Log - Clicking login button...
2026-02-28 23:41:26 [main] INFO  Log - Verifying page title
2026-02-28 23:41:26 [main] INFO  Log - Closing Browser...
